<?xml version="1.0" encoding="UTF-8"?>
<testsuite xmlns:xsi="http://www.w3.org/2001/XMLSchema-instance" xsi:noNamespaceSchemaLocation="https://maven.apache.org/surefire/maven-surefire-plugin/xsd/surefire-test-report.xsd" name="ConnectorStarWarsTest" time="0.416" tests="4" errors="0" skipped="0" failures="0">
  <properties>
[...]
</properties>
  <testcase name="should_throw_exception_if_mandatory_input_is_missing" classname="com.company.connector.ConnectorStarWarsTest" time="0.376"/>
  <testcase name="should_throw_exception_if_mandatory_input_is_empty" classname="com.company.connector.ConnectorStarWarsTest" time="0.003"/>
  <testcase name="should_throw_exception_if_mandatory_input_is_not_a_string" classname="com.company.connector.ConnectorStarWarsTest" time="0"/>
  <testcase name="should_create_output_for_valid_input" classname="com.company.connector.ConnectorStarWarsTest" time="0.032"/>
</testsuite>